#
# A fatal error has been detected by the Java Runtime Environment:
#
#  EXCEPTION_ACCESS_VIOLATION (0xc0000005) at pc=0x00000000735e8845, pid=17996, tid=17264
#
# JRE version: Java(TM) SE Runtime Environment (8.0_60-b27) (build 1.8.0_60-b27)
# Java VM: Java HotSpot(TM) 64-Bit Server VM (25.60-b23 mixed mode windows-amd64 compressed oops)
# Problematic frame:
# V  [jvm.dll+0x128845]
#
# Failed to write core dump. Minidumps are not enabled by default on client versions of Windows
#
# If you would like to submit a bug report, please visit:
#   http://bugreport.java.com/bugreport/crash.jsp
#

---------------  T H R E A D  ---------------

Current thread (0x0000000018246000):  JavaThread "JDWP Transport Listener: dt_socket" daemon [_thread_in_vm, id=17264, stack(0x0000000018640000,0x0000000018740000)]

siginfo: ExceptionCode=0xc0000005, reading address 0x000000000000000b

Registers:
RAX=0x000000001873f001, RBX=0x0000000018246000, RCX=0x000000000000000b, RDX=0x0000000000000000
RSP=0x000000001873f090, RBP=0x000000000000000b, RSI=0x000000001873f1a8, RDI=0x0000000001e69d90
R8 =0x0000000018246000, R9 =0x0000000000008000, R10=0x0000000000000000, R11=0x00000000182ef621
R12=0x0000000000000000, R13=0x0000000018243b08, R14=0x0000000000000000, R15=0x0000000000000000
RIP=0x00000000735e8845, EFLAGS=0x0000000000010202

Top of Stack: (sp=0x000000001873f090)
0x000000001873f090:   0000000018246000 0000000018246000
0x000000001873f0a0:   000000001873f158 00000000737ee18b
0x000000001873f0b0:   0000000018246000 000000007380a9ed
0x000000001873f0c0:   0000000000000000 00000000732d9155
0x000000001873f0d0:   0000000018341898 00000000732e291e
0x000000001873f0e0:   0000000018246000 0000000000000000
0x000000001873f0f0:   0000000000000000 0000000000000000
0x000000001873f100:   000000000000000b 00000000732e1a15
0x000000001873f110:   000000001873f1a8 000000001873f180
0x000000001873f120:   0000000000000001 0000000018341898
0x000000001873f130:   000000000000000b 00000000732c53b3
0x000000001873f140:   000000001873f270 0000000000000001
0x000000001873f150:   0000000000000001 0000000018341898
0x000000001873f160:   00000000f000100a 0000000000000000
0x000000001873f170:   0000000000000000 0000000000000000
0x000000001873f180:   0000000000000001 00000000732c5571 

Instructions: (pc=0x00000000735e8845)
0x00000000735e8825:   cc cc cc cc cc cc cc cc cc cc cc 48 83 ec 28 48
0x00000000735e8835:   85 c9 75 07 33 c0 48 83 c4 28 c3 48 89 5c 24 20
0x00000000735e8845:   48 8b 19 48 85 db 74 20 48 83 fb 37 74 1a 48 8b
0x00000000735e8855:   13 48 8b cb ff 52 10 84 c0 74 0d 48 8b c3 48 8b 


Register to memory mapping:

RAX=0x000000001873f001 is pointing into the stack for thread: 0x0000000018246000
RBX=0x0000000018246000 is a thread
RCX=0x000000000000000b is an unknown value
RDX=0x0000000000000000 is an unknown value
RSP=0x000000001873f090 is pointing into the stack for thread: 0x0000000018246000
RBP=0x000000000000000b is an unknown value
RSI=0x000000001873f1a8 is pointing into the stack for thread: 0x0000000018246000
RDI=0x0000000001e69d90 is an unknown value
R8 =0x0000000018246000 is a thread
R9 =0x0000000000008000 is an unknown value
R10=0x0000000000000000 is an unknown value
R11=0x00000000182ef621 is an unknown value
R12=0x0000000000000000 is an unknown value
R13=0x0000000018243b08 is an unknown value
R14=0x0000000000000000 is an unknown value
R15=0x0000000000000000 is an unknown value


Stack: [0x0000000018640000,0x0000000018740000],  sp=0x000000001873f090,  free space=1020k
Native frames: (J=compiled Java code, j=interpreted, Vv=VM code, C=native code)
V  [jvm.dll+0x128845]
V  [jvm.dll+0x34a9ed]
C  [jdwp.dll+0x21a15]
C  [jdwp.dll+0x53b3]
C  [jdwp.dll+0x5571]
C  [jdwp.dll+0xf0a8]
C  [jdwp.dll+0x1f2d5]
C  [jdwp.dll+0x1f4aa]
V  [jvm.dll+0x1bb8e8]
V  [jvm.dll+0x243134]
V  [jvm.dll+0x299f6a]
C  [msvcr100.dll+0x21d9f]
C  [msvcr100.dll+0x21e3b]
C  [KERNEL32.DLL+0x13d2]
C  [ntdll.dll+0x154f4]


---------------  P R O C E S S  ---------------

Java Threads: ( => current thread )
  0x0000000018300000 JavaThread "Service Thread" daemon [_thread_blocked, id=16892, stack(0x0000000018c40000,0x0000000018d40000)]
  0x000000001826e800 JavaThread "C1 CompilerThread2" daemon [_thread_blocked, id=19948, stack(0x0000000018b40000,0x0000000018c40000)]
  0x000000001826d800 JavaThread "C2 CompilerThread1" daemon [_thread_blocked, id=18888, stack(0x0000000018a40000,0x0000000018b40000)]
  0x0000000018263000 JavaThread "C2 CompilerThread0" daemon [_thread_blocked, id=19628, stack(0x0000000018940000,0x0000000018a40000)]
  0x000000001825e800 JavaThread "JDWP Command Reader" daemon [_thread_in_native, id=19472, stack(0x0000000018840000,0x0000000018940000)]
  0x0000000018252800 JavaThread "JDWP Event Helper Thread" daemon [_thread_blocked, id=20368, stack(0x0000000018740000,0x0000000018840000)]
=>0x0000000018246000 JavaThread "JDWP Transport Listener: dt_socket" daemon [_thread_in_vm, id=17264, stack(0x0000000018640000,0x0000000018740000)]
  0x0000000016cba000 JavaThread "Attach Listener" daemon [_thread_blocked, id=20208, stack(0x0000000018140000,0x0000000018240000)]
  0x0000000016cb9800 JavaThread "Signal Dispatcher" daemon [_thread_blocked, id=19308, stack(0x0000000018040000,0x0000000018140000)]
  0x0000000002396800 JavaThread "Finalizer" daemon [_thread_blocked, id=19428, stack(0x0000000017ec0000,0x0000000017fc0000)]
  0x000000000238e000 JavaThread "Reference Handler" daemon [_thread_blocked, id=6360, stack(0x0000000017dc0000,0x0000000017ec0000)]
  0x0000000001e6e800 JavaThread "main" [_thread_blocked, id=17992, stack(0x00000000021a0000,0x00000000022a0000)]

Other Threads:
  0x0000000016c27000 VMThread [stack: 0x0000000017cc0000,0x0000000017dc0000] [id=16860]
  0x000000001832e800 WatcherThread [stack: 0x0000000018d40000,0x0000000018e40000] [id=16180]

VM state:not at safepoint (normal execution)

VM Mutex/Monitor currently owned by a thread: None

Heap:
 PSYoungGen      total 36864K, used 5080K [0x00000000d7500000, 0x00000000d9e00000, 0x0000000100000000)
  eden space 31744K, 16% used [0x00000000d7500000,0x00000000d79f6168,0x00000000d9400000)
  from space 5120K, 0% used [0x00000000d9900000,0x00000000d9900000,0x00000000d9e00000)
  to   space 5120K, 0% used [0x00000000d9400000,0x00000000d9400000,0x00000000d9900000)
 ParOldGen       total 84992K, used 0K [0x0000000085e00000, 0x000000008b100000, 0x00000000d7500000)
  object space 84992K, 0% used [0x0000000085e00000,0x0000000085e00000,0x000000008b100000)
 Metaspace       used 4375K, capacity 4878K, committed 4992K, reserved 1056768K
  class space    used 500K, capacity 546K, committed 640K, reserved 1048576K

Card table byte_map: [0x0000000011760000,0x0000000011b40000] byte_map_base: 0x0000000011331000

Marking Bits: (ParMarkBitMap*) 0x0000000073cca5b0
 Begin Bits: [0x00000000121d0000, 0x0000000014058000)
 End Bits:   [0x0000000014058000, 0x0000000015ee0000)

Polling page: 0x0000000000660000

CodeCache: size=245760Kb used=1637Kb max_used=1637Kb free=244122Kb
 bounds [0x00000000023a0000, 0x0000000002610000, 0x00000000113a0000]
 total_blobs=545 nmethods=287 adapters=179
 compilation: enabled

Compilation events (10 events):
Event: 22.196 Thread 0x000000001826e800  283       3       java.util.regex.Matcher::group (112 bytes)
Event: 22.197 Thread 0x000000001826e800 nmethod 283 0x0000000002537850 code [0x0000000002537aa0, 0x0000000002538808]
Event: 22.197 Thread 0x000000001826e800  284       3       java.util.regex.Matcher::groupCount (10 bytes)
Event: 22.197 Thread 0x000000001826e800 nmethod 284 0x0000000002538e50 code [0x0000000002538fa0, 0x00000000025390f0]
Event: 24.895 Thread 0x000000001826e800  285       3       jdk.internal.org.objectweb.asm.ClassWriter::newClass (9 bytes)
Event: 24.896 Thread 0x000000001826e800 nmethod 285 0x0000000002539190 code [0x0000000002539300, 0x00000000025394c8]
Event: 24.897 Thread 0x000000001826e800  286       3       java.lang.String::toString (2 bytes)
Event: 24.897 Thread 0x000000001826e800 nmethod 286 0x0000000002539590 code [0x00000000025396e0, 0x0000000002539830]
Event: 24.897 Thread 0x000000001826e800  287       3       java.nio.charset.CoderResult::isUnderflow (13 bytes)
Event: 24.897 Thread 0x000000001826e800 nmethod 287 0x0000000002539890 code [0x00000000025399e0, 0x0000000002539b90]

GC Heap History (0 events):
No events

Deoptimization events (1 events):
Event: 6.098 Thread 0x0000000001e6e800 Uncommon trap: reason=null_check action=make_not_entrant pc=0x00000000025158a4 method=java.lang.String.equals(Ljava/lang/Object;)Z @ 8

Internal exceptions (9 events):
Event: 0.068 Thread 0x0000000001e6e800 Exception <a 'java/lang/NoSuchMethodError': Method sun.misc.Unsafe.defineClass(Ljava/lang/String;[BII)Ljava/lang/Class; name or signature does not match> (0x00000000d7512d50) thrown at [C:\re\workspace\8-2-build-windows-amd64-cygwin\jdk8u60\4407\hotspot\srvPÇ“y±?
Event: 0.068 Thread 0x0000000001e6e800 Exception <a 'java/lang/NoSuchMethodError': Method sun.misc.Unsafe.prefetchRead(Ljava/lang/Object;J)V name or signature does not match> (0x00000000d7513038) thrown at [C:\re\workspace\8-2-build-windows-amd64-cygwin\jdk8u60\4407\hotspot\src\share\vm\prims\jþ×šÊÞ@
Event: 5.968 Thread 0x0000000001e6e800 Exception <a 'java/lang/NoSuchFieldError': method resolution failed> (0x00000000d7871068) thrown at [C:\re\workspace\8-2-build-windows-amd64-cygwin\jdk8u60\4407\hotspot\src\share\vm\prims\methodHandles.cpp, line 1146]
Event: 5.992 Thread 0x0000000001e6e800 Exception <a 'java/lang/NoSuchFieldError': method resolution failed> (0x00000000d787e468) thrown at [C:\re\workspace\8-2-build-windows-amd64-cygwin\jdk8u60\4407\hotspot\src\share\vm\prims\methodHandles.cpp, line 1146]
Event: 6.086 Thread 0x0000000001e6e800 Exception <a 'java/security/PrivilegedActionException'> (0x00000000d79155a8) thrown at [C:\re\workspace\8-2-build-windows-amd64-cygwin\jdk8u60\4407\hotspot\src\share\vm\prims\jvm.cpp, line 1386]
Event: 6.086 Thread 0x0000000001e6e800 Exception <a 'java/security/PrivilegedActionException'> (0x00000000d79159a0) thrown at [C:\re\workspace\8-2-build-windows-amd64-cygwin\jdk8u60\4407\hotspot\src\share\vm\prims\jvm.cpp, line 1386]
Event: 6.088 Thread 0x0000000001e6e800 Exception <a 'java/security/PrivilegedActionException'> (0x00000000d7919730) thrown at [C:\re\workspace\8-2-build-windows-amd64-cygwin\jdk8u60\4407\hotspot\src\share\vm\prims\jvm.cpp, line 1386]
Event: 6.088 Thread 0x0000000001e6e800 Exception <a 'java/security/PrivilegedActionException'> (0x00000000d7919b28) thrown at [C:\re\workspace\8-2-build-windows-amd64-cygwin\jdk8u60\4407\hotspot\src\share\vm\prims\jvm.cpp, line 1386]
Event: 6.098 Thread 0x0000000001e6e800 Implicit null exception at 0x0000000002515625 to 0x0000000002515895

Events (10 events):
Event: 414.987 Executing VM operation: GetCurrentLocation
Event: 414.987 Executing VM operation: GetCurrentLocation done
Event: 414.987 Executing VM operation: EnterInterpOnlyMode
Event: 414.987 Executing VM operation: EnterInterpOnlyMode done
Event: 414.987 Executing VM operation: ChangeSingleStep
Event: 414.987 Executing VM operation: ChangeSingleStep done
Event: 414.987 Executing VM operation: ChangeSingleStep
Event: 414.987 Executing VM operation: ChangeSingleStep done
Event: 415.000 Executing VM operation: RedefineClasses
Event: 415.002 Executing VM operation: RedefineClasses done


Dynamic libraries:
0x00007ff74ac60000 - 0x00007ff74ac97000 	C:\Program Files\Java\jre1.8.0_60\bin\javaw.exe
0x00007ffcdc080000 - 0x00007ffcdc22d000 	C:\WINDOWS\SYSTEM32\ntdll.dll
0x00007ffcda550000 - 0x00007ffcda68e000 	C:\WINDOWS\system32\KERNEL32.DLL
0x00007ffcd9540000 - 0x00007ffcd9655000 	C:\WINDOWS\system32\KERNELBASE.dll
0x00007ffcd7d70000 - 0x00007ffcd7dfe000 	C:\WINDOWS\system32\apphelp.dll
0x00007ffcc3260000 - 0x00007ffcc32b3000 	C:\WINDOWS\AppPatch\AppPatch64\AcGenral.DLL
0x00007ffcda4a0000 - 0x00007ffcda54a000 	C:\WINDOWS\system32\msvcrt.dll
0x00007ffcd9280000 - 0x00007ffcd92ae000 	C:\WINDOWS\system32\SspiCli.dll
0x00007ffcda0c0000 - 0x00007ffcda114000 	C:\WINDOWS\system32\SHLWAPI.dll
0x00007ffcd9950000 - 0x00007ffcd9ac7000 	C:\WINDOWS\system32\USER32.dll
0x00007ffcda230000 - 0x00007ffcda3c4000 	C:\WINDOWS\system32\ole32.dll
0x00007ffcdab50000 - 0x00007ffcdc079000 	C:\WINDOWS\system32\SHELL32.dll
0x00007ffcd8770000 - 0x00007ffcd8791000 	C:\WINDOWS\SYSTEM32\USERENV.dll
0x00007ffcda160000 - 0x00007ffcda20a000 	C:\WINDOWS\system32\ADVAPI32.dll
0x00007ffccfa80000 - 0x00007ffccfa9e000 	C:\WINDOWS\SYSTEM32\MPR.dll
0x00007ffcda860000 - 0x00007ffcda9a0000 	C:\WINDOWS\system32\RPCRT4.dll
0x00007ffcd98f0000 - 0x00007ffcd9949000 	C:\WINDOWS\SYSTEM32\sechost.dll
0x00007ffcd9ea0000 - 0x00007ffcda0b2000 	C:\WINDOWS\SYSTEM32\combase.dll
0x00007ffcd9d40000 - 0x00007ffcd9e8b000 	C:\WINDOWS\system32\GDI32.dll
0x00007ffcd91b0000 - 0x00007ffcd91c5000 	C:\WINDOWS\SYSTEM32\profapi.dll
0x00007ffcd75f0000 - 0x00007ffcd76a2000 	C:\WINDOWS\SYSTEM32\SHCORE.dll
0x00007ffcda120000 - 0x00007ffcda156000 	C:\WINDOWS\system32\IMM32.DLL
0x00007ffcda690000 - 0x00007ffcda7e2000 	C:\WINDOWS\system32\MSCTF.dll
0x00007ffcd6ba0000 - 0x00007ffcd6e1b000 	C:\WINDOWS\WinSxS\amd64_microsoft.windows.common-controls_6595b64144ccf1df_6.0.9600.18006_none_623f33d3ecbe86e8\COMCTL32.dll
0x0000000073300000 - 0x00000000733d2000 	C:\Program Files\Java\jre1.8.0_60\bin\msvcr100.dll
0x00000000734c0000 - 0x0000000073d49000 	C:\Program Files\Java\jre1.8.0_60\bin\server\jvm.dll
0x00007ffcd01a0000 - 0x00007ffcd01a9000 	C:\WINDOWS\SYSTEM32\WSOCK32.dll
0x00007ffcd1ad0000 - 0x00007ffcd1af2000 	C:\WINDOWS\SYSTEM32\WINMM.dll
0x00007ffcd2800000 - 0x00007ffcd280a000 	C:\WINDOWS\SYSTEM32\VERSION.dll
0x00007ffcd9e90000 - 0x00007ffcd9e97000 	C:\WINDOWS\system32\PSAPI.DLL
0x00007ffcda7f0000 - 0x00007ffcda84a000 	C:\WINDOWS\system32\WS2_32.dll
0x00007ffcd1aa0000 - 0x00007ffcd1aca000 	C:\WINDOWS\SYSTEM32\WINMMBASE.dll
0x00007ffcd9ad0000 - 0x00007ffcd9ad9000 	C:\WINDOWS\system32\NSI.dll
0x00007ffcd94f0000 - 0x00007ffcd953f000 	C:\WINDOWS\SYSTEM32\cfgmgr32.dll
0x00007ffcd7fc0000 - 0x00007ffcd7fe8000 	C:\WINDOWS\SYSTEM32\DEVOBJ.dll
0x00000000734b0000 - 0x00000000734bf000 	C:\Program Files\Java\jre1.8.0_60\bin\verify.dll
0x0000000073480000 - 0x00000000734a9000 	C:\Program Files\Java\jre1.8.0_60\bin\java.dll
0x00000000732c0000 - 0x00000000732f5000 	C:\Program Files\Java\jre1.8.0_60\bin\jdwp.dll
0x00000000732b0000 - 0x00000000732b8000 	C:\Program Files\Java\jre1.8.0_60\bin\npt.dll
0x0000000073460000 - 0x0000000073476000 	C:\Program Files\Java\jre1.8.0_60\bin\zip.dll
0x00000000732a0000 - 0x00000000732a9000 	C:\Program Files\Java\jre1.8.0_60\bin\dt_socket.dll
0x00007ffcc94c0000 - 0x00007ffcc94d5000 	C:\WINDOWS\system32\napinsp.dll
0x00007ffcc94e0000 - 0x00007ffcc94fa000 	C:\WINDOWS\system32\pnrpnsp.dll
0x00007ffcd6e30000 - 0x00007ffcd6e4b000 	C:\WINDOWS\system32\NLAapi.dll
0x00007ffcd89e0000 - 0x00007ffcd8a39000 	C:\WINDOWS\System32\mswsock.dll
0x00007ffcd87e0000 - 0x00007ffcd8884000 	C:\WINDOWS\SYSTEM32\DNSAPI.dll
0x00007ffcc9500000 - 0x00007ffcc950d000 	C:\WINDOWS\System32\winrnr.dll
0x00007ffcc9510000 - 0x00007ffcc9524000 	C:\WINDOWS\system32\wshbth.dll
0x00007ffcd3d80000 - 0x00007ffcd3deb000 	C:\WINDOWS\System32\fwpuclnt.dll
0x00007ffcd3bd0000 - 0x00007ffcd3bda000 	C:\Windows\System32\rasadhlp.dll
0x00007ffcd03f0000 - 0x00007ffcd0579000 	C:\WINDOWS\SYSTEM32\dbghelp.dll

VM Arguments:
jvm_args: -agentlib:jdwp=transport=dt_socket,suspend=y,address=localhost:10882 -Dfile.encoding=MS949 
java_command: Main
java_class_path (initial): C:\Users\samsung\eclipse-workspace\B Plus Tree\bin
Launcher Type: SUN_STANDARD

Environment Variables:
JAVA_HOME=C:\Program Files\Java\jdk1.8.0_60
CLASSPATH=.
PATH=C:/Program Files/Java/jre1.8.0_60/bin/server;C:/Program Files/Java/jre1.8.0_60/bin;C:/Program Files/Java/jre1.8.0_60/lib/amd64;C:\Program Files\Haskell\bin;C:\Program Files\Haskell Platform\8.0.2-a\lib\extralibs\bin;C:\Program Files\Haskell Platform\8.0.2-a\bin;C:\ProgramData\Oracle\Java\javapath;C:\Program Files (x86)\Intel\iCLS Client\;C:\Program Files\Intel\iCLS Client\;C:\Program Files (x86)\NVIDIA Corporation\PhysX\Common;C:\WINDOWS\system32;C:\WINDOWS;C:\WINDOWS\System32\Wbem;C:\WINDOWS\System32\WindowsPowerShell\v1.0\;C:\Program Files\Intel\WiFi\bin\;C:\Program Files\Common Files\Intel\WirelessCommon\;C:\Program Files\Intel\Intel(R) Management Engine Components\DAL;C:\Program Files\Intel\Intel(R) Management Engine Components\IPT;C:\Program Files (x86)\Intel\Intel(R) Management Engine Components\DAL;C:\Program Files (x86)\Intel\Intel(R) Management Engine Components\IPT;C:\Program Files\Microsoft SQL Server\110\Tools\Binn\;C:\Program Files\Microsoft SQL Server\120\Tools\Binn\;C:\Program Files (x86)\Windows Kits\8.1\Windows Performance Toolkit\;C:\Program Files (x86)\Microsoft SDKs\TypeScript\1.0\;C:\Program Files (x86)\Windows Live\Shared;C:\Program Files\Java\jdk1.8.0_60\bin;C:\Program Files\Haskell Platform\8.0.2-a\mingw\bin;C:\Users\samsung\AppData\Roaming\cabal\bin;C:\Users\samsung\AppData\Roaming\local\bin;C:\Users\samsung\Desktop;
USERNAME=samsung
OS=Windows_NT
PROCESSOR_IDENTIFIER=Intel64 Family 6 Model 58 Stepping 9, GenuineIntel



---------------  S Y S T E M  ---------------

OS: Windows 8.1 , 64 bit Build 9600 (6.3.9600.17415)

CPU:total 4 (2 cores per cpu, 2 threads per core) family 6 model 58 stepping 9, cmov, cx8, fxsr, mmx, sse, sse2, sse3, ssse3, sse4.1, sse4.2, popcnt, avx, clmul, erms, ht, tsc, tscinvbit, tscinv

Memory: 4k page, physical 8001056k(4605236k free), swap 9246244k(4585512k free)

vm_info: Java HotSpot(TM) 64-Bit Server VM (25.60-b23) for windows-amd64 JRE (1.8.0_60-b27), built on Aug  4 2015 11:06:27 by "java_re" with MS VC++ 10.0 (VS2010)

time: Thu Sep 21 08:41:21 2017
elapsed time: 415 seconds (0d 0h 6m 55s)

